<?xml version="1.0" encoding="UTF-8"?>
<testsuite xmlns:xsi="http://www.w3.org/2001/XMLSchema-instance" xsi:noNamespaceSchemaLocation="https://maven.apache.org/surefire/maven-surefire-plugin/xsd/surefire-test-report.xsd" name="scm.csm.CsmApplicationTests" time="2.263" tests="1" errors="0" skipped="0" failures="0">
  <properties>
    <property name="sun.desktop" value="windows"/>
    <property name="awt.toolkit" value="sun.awt.windows.WToolkit"/>
    <property name="file.encoding.pkg" value="sun.io"/>
    <property name="java.specification.version" value="1.8"/>
    <property name="sun.cpu.isalist" value="amd64"/>
    <property name="sun.jnu.encoding" value="Cp1252"/>
    <property name="java.class.path" value="C:\proy\csm\target\test-classes;C:\proy\csm\target\classes;C:\Users\larevalo\.m2\repository\org\springframework\boot\spring-boot-starter-web\2.7.18\spring-boot-starter-web-2.7.18.jar;C:\Users\larevalo\.m2\repository\org\springframework\boot\spring-boot-starter\2.7.18\spring-boot-starter-2.7.18.jar;C:\Users\larevalo\.m2\repository\org\springframework\boot\spring-boot\2.7.18\spring-boot-2.7.18.jar;C:\Users\larevalo\.m2\repository\org\springframework\boot\spring-boot-autoconfigure\2.7.18\spring-boot-autoconfigure-2.7.18.jar;C:\Users\larevalo\.m2\repository\org\springframework\boot\spring-boot-starter-logging\2.7.18\spring-boot-starter-logging-2.7.18.jar;C:\Users\larevalo\.m2\repository\ch\qos\logback\logback-classic\1.2.12\logback-classic-1.2.12.jar;C:\Users\larevalo\.m2\repository\ch\qos\logback\logback-core\1.2.12\logback-core-1.2.12.jar;C:\Users\larevalo\.m2\repository\org\apache\logging\log4j\log4j-to-slf4j\2.17.2\log4j-to-slf4j-2.17.2.jar;C:\Users\larevalo\.m2\repository\org\apache\logging\log4j\log4j-api\2.17.2\log4j-api-2.17.2.jar;C:\Users\larevalo\.m2\repository\org\slf4j\jul-to-slf4j\1.7.36\jul-to-slf4j-1.7.36.jar;C:\Users\larevalo\.m2\repository\jakarta\annotation\jakarta.annotation-api\1.3.5\jakarta.annotation-api-1.3.5.jar;C:\Users\larevalo\.m2\repository\org\yaml\snakeyaml\1.30\snakeyaml-1.30.jar;C:\Users\larevalo\.m2\repository\org\springframework\boot\spring-boot-starter-json\2.7.18\spring-boot-starter-json-2.7.18.jar;C:\Users\larevalo\.m2\repository\com\fasterxml\jackson\core\jackson-databind\2.13.5\jackson-databind-2.13.5.jar;C:\Users\larevalo\.m2\repository\com\fasterxml\jackson\core\jackson-annotations\2.13.5\jackson-annotations-2.13.5.jar;C:\Users\larevalo\.m2\repository\com\fasterxml\jackson\core\jackson-core\2.13.5\jackson-core-2.13.5.jar;C:\Users\larevalo\.m2\repository\com\fasterxml\jackson\datatype\jackson-datatype-jdk8\2.13.5\jackson-datatype-jdk8-2.13.5.jar;C:\Users\larevalo\.m2\repository\com\fasterxml\jackson\datatype\jackson-datatype-jsr310\2.13.5\jackson-datatype-jsr310-2.13.5.jar;C:\Users\larevalo\.m2\repository\com\fasterxml\jackson\module\jackson-module-parameter-names\2.13.5\jackson-module-parameter-names-2.13.5.jar;C:\Users\larevalo\.m2\repository\org\springframework\boot\spring-boot-starter-tomcat\2.7.18\spring-boot-starter-tomcat-2.7.18.jar;C:\Users\larevalo\.m2\repository\org\apache\tomcat\embed\tomcat-embed-core\9.0.83\tomcat-embed-core-9.0.83.jar;C:\Users\larevalo\.m2\repository\org\apache\tomcat\embed\tomcat-embed-el\9.0.83\tomcat-embed-el-9.0.83.jar;C:\Users\larevalo\.m2\repository\org\apache\tomcat\embed\tomcat-embed-websocket\9.0.83\tomcat-embed-websocket-9.0.83.jar;C:\Users\larevalo\.m2\repository\org\springframework\spring-web\5.3.31\spring-web-5.3.31.jar;C:\Users\larevalo\.m2\repository\org\springframework\spring-beans\5.3.31\spring-beans-5.3.31.jar;C:\Users\larevalo\.m2\repository\org\springframework\spring-webmvc\5.3.31\spring-webmvc-5.3.31.jar;C:\Users\larevalo\.m2\repository\org\springframework\spring-aop\5.3.31\spring-aop-5.3.31.jar;C:\Users\larevalo\.m2\repository\org\springframework\spring-context\5.3.31\spring-context-5.3.31.jar;C:\Users\larevalo\.m2\repository\org\springframework\spring-expression\5.3.31\spring-expression-5.3.31.jar;C:\Users\larevalo\.m2\repository\org\springframework\boot\spring-boot-starter-test\2.7.18\spring-boot-starter-test-2.7.18.jar;C:\Users\larevalo\.m2\repository\org\springframework\boot\spring-boot-test\2.7.18\spring-boot-test-2.7.18.jar;C:\Users\larevalo\.m2\repository\org\springframework\boot\spring-boot-test-autoconfigure\2.7.18\spring-boot-test-autoconfigure-2.7.18.jar;C:\Users\larevalo\.m2\repository\com\jayway\jsonpath\json-path\2.7.0\json-path-2.7.0.jar;C:\Users\larevalo\.m2\repository\net\minidev\json-smart\2.4.11\json-smart-2.4.11.jar;C:\Users\larevalo\.m2\repository\net\minidev\accessors-smart\2.4.11\accessors-smart-2.4.11.jar;C:\Users\larevalo\.m2\repository\jakarta\xml\bind\jakarta.xml.bind-api\2.3.3\jakarta.xml.bind-api-2.3.3.jar;C:\Users\larevalo\.m2\repository\jakarta\activation\jakarta.activation-api\1.2.2\jakarta.activation-api-1.2.2.jar;C:\Users\larevalo\.m2\repository\org\assertj\assertj-core\3.22.0\assertj-core-3.22.0.jar;C:\Users\larevalo\.m2\repository\org\hamcrest\hamcrest\2.2\hamcrest-2.2.jar;C:\Users\larevalo\.m2\repository\org\junit\jupiter\junit-jupiter\5.8.2\junit-jupiter-5.8.2.jar;C:\Users\larevalo\.m2\repository\org\junit\jupiter\junit-jupiter-api\5.8.2\junit-jupiter-api-5.8.2.jar;C:\Users\larevalo\.m2\repository\org\opentest4j\opentest4j\1.2.0\opentest4j-1.2.0.jar;C:\Users\larevalo\.m2\repository\org\junit\platform\junit-platform-commons\1.8.2\junit-platform-commons-1.8.2.jar;C:\Users\larevalo\.m2\repository\org\apiguardian\apiguardian-api\1.1.2\apiguardian-api-1.1.2.jar;C:\Users\larevalo\.m2\repository\org\junit\jupiter\junit-jupiter-params\5.8.2\junit-jupiter-params-5.8.2.jar;C:\Users\larevalo\.m2\repository\org\junit\jupiter\junit-jupiter-engine\5.8.2\junit-jupiter-engine-5.8.2.jar;C:\Users\larevalo\.m2\repository\org\junit\platform\junit-platform-engine\1.8.2\junit-platform-engine-1.8.2.jar;C:\Users\larevalo\.m2\repository\org\mockito\mockito-core\4.5.1\mockito-core-4.5.1.jar;C:\Users\larevalo\.m2\repository\net\bytebuddy\byte-buddy\1.12.23\byte-buddy-1.12.23.jar;C:\Users\larevalo\.m2\repository\net\bytebuddy\byte-buddy-agent\1.12.23\byte-buddy-agent-1.12.23.jar;C:\Users\larevalo\.m2\repository\org\mockito\mockito-junit-jupiter\4.5.1\mockito-junit-jupiter-4.5.1.jar;C:\Users\larevalo\.m2\repository\org\skyscreamer\jsonassert\1.5.1\jsonassert-1.5.1.jar;C:\Users\larevalo\.m2\repository\com\vaadin\external\google\android-json\0.0.20131108.vaadin1\android-json-0.0.20131108.vaadin1.jar;C:\Users\larevalo\.m2\repository\org\springframework\spring-core\5.3.31\spring-core-5.3.31.jar;C:\Users\larevalo\.m2\repository\org\springframework\spring-jcl\5.3.31\spring-jcl-5.3.31.jar;C:\Users\larevalo\.m2\repository\org\springframework\spring-test\5.3.31\spring-test-5.3.31.jar;C:\Users\larevalo\.m2\repository\org\xmlunit\xmlunit-core\2.9.1\xmlunit-core-2.9.1.jar;C:\Users\larevalo\.m2\repository\org\bouncycastle\bcmail-jdk16\1.46\bcmail-jdk16-1.46.jar;C:\Users\larevalo\.m2\repository\org\bouncycastle\bcprov-jdk16\1.46\bcprov-jdk16-1.46.jar;C:\Users\larevalo\.m2\repository\log4j\log4j\1.2.17\log4j-1.2.17.jar;C:\Users\larevalo\.m2\repository\javax\xml\soap\javax.xml.soap-api\1.4.0\javax.xml.soap-api-1.4.0.jar;C:\Users\larevalo\.m2\repository\org\apache\axis\axis\1.4\axis-1.4.jar;C:\Users\larevalo\.m2\repository\javax\xml\rpc\javax.xml.rpc-api\1.1.2\javax.xml.rpc-api-1.1.2.jar;C:\Users\larevalo\.m2\repository\commons-discovery\commons-discovery\0.4\commons-discovery-0.4.jar;C:\Users\larevalo\.m2\repository\commons-logging\commons-logging\1.0.4\commons-logging-1.0.4.jar;C:\Users\larevalo\.m2\repository\wsdl4j\wsdl4j\1.6.3\wsdl4j-1.6.3.jar;C:\Users\larevalo\.m2\repository\org\apache\cxf\cxf-codegen-plugin\3.5.4\cxf-codegen-plugin-3.5.4.jar;C:\Users\larevalo\.m2\repository\org\codehaus\plexus\plexus-utils\3.3.1\plexus-utils-3.3.1.jar;C:\Users\larevalo\.m2\repository\org\codehaus\plexus\plexus-archiver\4.2.0\plexus-archiver-4.2.0.jar;C:\Users\larevalo\.m2\repository\org\codehaus\plexus\plexus-io\3.2.0\plexus-io-3.2.0.jar;C:\Users\larevalo\.m2\repository\commons-io\commons-io\2.6\commons-io-2.6.jar;C:\Users\larevalo\.m2\repository\org\apache\commons\commons-compress\1.19\commons-compress-1.19.jar;C:\Users\larevalo\.m2\repository\org\iq80\snappy\snappy\0.4\snappy-0.4.jar;C:\Users\larevalo\.m2\repository\org\tukaani\xz\1.8\xz-1.8.jar;C:\Users\larevalo\.m2\repository\org\apache\cxf\cxf-core\3.5.4\cxf-core-3.5.4.jar;C:\Users\larevalo\.m2\repository\org\glassfish\jaxb\jaxb-runtime\2.3.9\jaxb-runtime-2.3.9.jar;C:\Users\larevalo\.m2\repository\org\glassfish\jaxb\txw2\2.3.9\txw2-2.3.9.jar;C:\Users\larevalo\.m2\repository\com\sun\istack\istack-commons-runtime\3.0.12\istack-commons-runtime-3.0.12.jar;C:\Users\larevalo\.m2\repository\com\sun\activation\jakarta.activation\1.2.2\jakarta.activation-1.2.2.jar;C:\Users\larevalo\.m2\repository\com\fasterxml\woodstox\woodstox-core\6.2.8\woodstox-core-6.2.8.jar;C:\Users\larevalo\.m2\repository\org\codehaus\woodstox\stax2-api\4.2.1\stax2-api-4.2.1.jar;C:\Users\larevalo\.m2\repository\org\apache\ws\xmlschema\xmlschema-core\2.3.0\xmlschema-core-2.3.0.jar;C:\Users\larevalo\.m2\repository\org\apache\cxf\cxf-tools-common\3.5.4\cxf-tools-common-3.5.4.jar;C:\Users\larevalo\.m2\repository\org\apache\velocity\velocity-engine-core\2.3\velocity-engine-core-2.3.jar;C:\Users\larevalo\.m2\repository\org\apache\commons\commons-lang3\3.12.0\commons-lang3-3.12.0.jar;C:\Users\larevalo\.m2\repository\org\glassfish\jaxb\jaxb-xjc\2.3.9\jaxb-xjc-2.3.9.jar;C:\Users\larevalo\.m2\repository\org\glassfish\jaxb\xsom\2.3.9\xsom-2.3.9.jar;C:\Users\larevalo\.m2\repository\com\sun\xml\bind\external\relaxng-datatype\2.3.9\relaxng-datatype-2.3.9.jar;C:\Users\larevalo\.m2\repository\org\glassfish\jaxb\codemodel\2.3.9\codemodel-2.3.9.jar;C:\Users\larevalo\.m2\repository\com\sun\xml\bind\external\rngom\2.3.9\rngom-2.3.9.jar;C:\Users\larevalo\.m2\repository\com\sun\xml\dtd-parser\dtd-parser\1.4.5\dtd-parser-1.4.5.jar;C:\Users\larevalo\.m2\repository\com\sun\istack\istack-commons-tools\3.0.12\istack-commons-tools-3.0.12.jar;C:\Users\larevalo\.m2\repository\org\apache\cxf\cxf-tools-wsdlto-core\3.5.4\cxf-tools-wsdlto-core-3.5.4.jar;C:\Users\larevalo\.m2\repository\org\apache\cxf\cxf-tools-validator\3.5.4\cxf-tools-validator-3.5.4.jar;C:\Users\larevalo\.m2\repository\org\apache\cxf\cxf-rt-wsdl\3.5.4\cxf-rt-wsdl-3.5.4.jar;C:\Users\larevalo\.m2\repository\org\apache\cxf\cxf-tools-wsdlto-databinding-jaxb\3.5.4\cxf-tools-wsdlto-databinding-jaxb-3.5.4.jar;C:\Users\larevalo\.m2\repository\org\apache\cxf\cxf-tools-wsdlto-frontend-jaxws\3.5.4\cxf-tools-wsdlto-frontend-jaxws-3.5.4.jar;C:\Users\larevalo\.m2\repository\org\apache\commons\commons-text\1.9\commons-text-1.9.jar;C:\Users\larevalo\.m2\repository\org\apache\cxf\cxf-tools-wsdlto-frontend-javascript\3.5.4\cxf-tools-wsdlto-frontend-javascript-3.5.4.jar;C:\Users\larevalo\.m2\repository\org\apache\cxf\cxf-rt-javascript\3.5.4\cxf-rt-javascript-3.5.4.jar;C:\Users\larevalo\.m2\repository\org\apache\cxf\cxf-rt-frontend-jaxws\3.5.4\cxf-rt-frontend-jaxws-3.5.4.jar;C:\Users\larevalo\.m2\repository\xml-resolver\xml-resolver\1.2\xml-resolver-1.2.jar;C:\Users\larevalo\.m2\repository\org\ow2\asm\asm\9.3\asm-9.3.jar;C:\Users\larevalo\.m2\repository\org\apache\cxf\cxf-rt-bindings-soap\3.5.4\cxf-rt-bindings-soap-3.5.4.jar;C:\Users\larevalo\.m2\repository\org\apache\cxf\cxf-rt-databinding-jaxb\3.5.4\cxf-rt-databinding-jaxb-3.5.4.jar;C:\Users\larevalo\.m2\repository\org\apache\cxf\cxf-rt-bindings-xml\3.5.4\cxf-rt-bindings-xml-3.5.4.jar;C:\Users\larevalo\.m2\repository\org\apache\cxf\cxf-rt-frontend-simple\3.5.4\cxf-rt-frontend-simple-3.5.4.jar;C:\Users\larevalo\.m2\repository\org\apache\cxf\cxf-rt-ws-addr\3.5.4\cxf-rt-ws-addr-3.5.4.jar;C:\Users\larevalo\.m2\repository\org\apache\cxf\cxf-rt-ws-policy\3.5.4\cxf-rt-ws-policy-3.5.4.jar;C:\Users\larevalo\.m2\repository\org\apache\neethi\neethi\3.2.0\neethi-3.2.0.jar;C:\Users\larevalo\.m2\repository\org\apache\cxf\cxf-rt-transports-http\3.5.4\cxf-rt-transports-http-3.5.4.jar;C:\Users\larevalo\.m2\repository\org\apache\cxf\cxf-rt-transports-http-jetty\3.5.4\cxf-rt-transports-http-jetty-3.5.4.jar;C:\Users\larevalo\.m2\repository\org\eclipse\jetty\jetty-server\9.4.53.v20231009\jetty-server-9.4.53.v20231009.jar;C:\Users\larevalo\.m2\repository\javax\servlet\javax.servlet-api\4.0.1\javax.servlet-api-4.0.1.jar;C:\Users\larevalo\.m2\repository\org\eclipse\jetty\jetty-util\9.4.53.v20231009\jetty-util-9.4.53.v20231009.jar;C:\Users\larevalo\.m2\repository\org\eclipse\jetty\jetty-io\9.4.53.v20231009\jetty-io-9.4.53.v20231009.jar;C:\Users\larevalo\.m2\repository\org\eclipse\jetty\jetty-security\9.4.53.v20231009\jetty-security-9.4.53.v20231009.jar;C:\Users\larevalo\.m2\repository\org\eclipse\jetty\jetty-continuation\9.4.53.v20231009\jetty-continuation-9.4.53.v20231009.jar;C:\Users\larevalo\.m2\repository\org\eclipse\jetty\jetty-http\9.4.53.v20231009\jetty-http-9.4.53.v20231009.jar;C:\Users\larevalo\.m2\repository\org\slf4j\slf4j-api\1.7.36\slf4j-api-1.7.36.jar;C:\Users\larevalo\.m2\repository\javax\xml\ws\jaxws-api\2.3.1\jaxws-api-2.3.1.jar;C:\Users\larevalo\.m2\repository\javax\xml\bind\jaxb-api\2.3.1\jaxb-api-2.3.1.jar;C:\Users\larevalo\.m2\repository\javax\activation\javax.activation-api\1.2.0\javax.activation-api-1.2.0.jar;C:\Users\larevalo\.m2\repository\javax\annotation\javax.annotation-api\1.3.2\javax.annotation-api-1.3.2.jar;C:\Users\larevalo\.m2\repository\org\awaitility\awaitility\3.1.2\awaitility-3.1.2.jar;C:\Users\larevalo\.m2\repository\org\hamcrest\hamcrest-library\2.2\hamcrest-library-2.2.jar;C:\Users\larevalo\.m2\repository\org\hamcrest\hamcrest-core\2.2\hamcrest-core-2.2.jar;C:\Users\larevalo\.m2\repository\org\objenesis\objenesis\2.6\objenesis-2.6.jar;C:\Users\larevalo\.m2\repository\commons-codec\commons-codec\1.15\commons-codec-1.15.jar;"/>
    <property name="java.vm.vendor" value="Red Hat, Inc."/>
    <property name="sun.arch.data.model" value="64"/>
    <property name="user.variant" value=""/>
    <property name="java.vendor.url" value="https://access.redhat.com/"/>
    <property name="user.timezone" value="America/Buenos_Aires"/>
    <property name="java.vm.specification.version" value="1.8"/>
    <property name="os.name" value="Windows 10"/>
    <property name="user.country" value="AR"/>
    <property name="sun.java.launcher" value="SUN_STANDARD"/>
    <property name="sun.boot.library.path" value="C:\software\openjdk-1.8.0.382\jre\bin"/>
    <property name="sun.java.command" value="C:\Users\larevalo\AppData\Local\Temp\surefire112720345223507464\surefirebooter6423306169056391254.jar C:\Users\larevalo\AppData\Local\Temp\surefire112720345223507464 2024-05-16T12-59-45_758-jvmRun1 surefire8108324565307867694tmp surefire_04216440150748777754tmp"/>
    <property name="surefire.test.class.path" value="C:\proy\csm\target\test-classes;C:\proy\csm\target\classes;C:\Users\larevalo\.m2\repository\org\springframework\boot\spring-boot-starter-web\2.7.18\spring-boot-starter-web-2.7.18.jar;C:\Users\larevalo\.m2\repository\org\springframework\boot\spring-boot-starter\2.7.18\spring-boot-starter-2.7.18.jar;C:\Users\larevalo\.m2\repository\org\springframework\boot\spring-boot\2.7.18\spring-boot-2.7.18.jar;C:\Users\larevalo\.m2\repository\org\springframework\boot\spring-boot-autoconfigure\2.7.18\spring-boot-autoconfigure-2.7.18.jar;C:\Users\larevalo\.m2\repository\org\springframework\boot\spring-boot-starter-logging\2.7.18\spring-boot-starter-logging-2.7.18.jar;C:\Users\larevalo\.m2\repository\ch\qos\logback\logback-classic\1.2.12\logback-classic-1.2.12.jar;C:\Users\larevalo\.m2\repository\ch\qos\logback\logback-core\1.2.12\logback-core-1.2.12.jar;C:\Users\larevalo\.m2\repository\org\apache\logging\log4j\log4j-to-slf4j\2.17.2\log4j-to-slf4j-2.17.2.jar;C:\Users\larevalo\.m2\repository\org\apache\logging\log4j\log4j-api\2.17.2\log4j-api-2.17.2.jar;C:\Users\larevalo\.m2\repository\org\slf4j\jul-to-slf4j\1.7.36\jul-to-slf4j-1.7.36.jar;C:\Users\larevalo\.m2\repository\jakarta\annotation\jakarta.annotation-api\1.3.5\jakarta.annotation-api-1.3.5.jar;C:\Users\larevalo\.m2\repository\org\yaml\snakeyaml\1.30\snakeyaml-1.30.jar;C:\Users\larevalo\.m2\repository\org\springframework\boot\spring-boot-starter-json\2.7.18\spring-boot-starter-json-2.7.18.jar;C:\Users\larevalo\.m2\repository\com\fasterxml\jackson\core\jackson-databind\2.13.5\jackson-databind-2.13.5.jar;C:\Users\larevalo\.m2\repository\com\fasterxml\jackson\core\jackson-annotations\2.13.5\jackson-annotations-2.13.5.jar;C:\Users\larevalo\.m2\repository\com\fasterxml\jackson\core\jackson-core\2.13.5\jackson-core-2.13.5.jar;C:\Users\larevalo\.m2\repository\com\fasterxml\jackson\datatype\jackson-datatype-jdk8\2.13.5\jackson-datatype-jdk8-2.13.5.jar;C:\Users\larevalo\.m2\repository\com\fasterxml\jackson\datatype\jackson-datatype-jsr310\2.13.5\jackson-datatype-jsr310-2.13.5.jar;C:\Users\larevalo\.m2\repository\com\fasterxml\jackson\module\jackson-module-parameter-names\2.13.5\jackson-module-parameter-names-2.13.5.jar;C:\Users\larevalo\.m2\repository\org\springframework\boot\spring-boot-starter-tomcat\2.7.18\spring-boot-starter-tomcat-2.7.18.jar;C:\Users\larevalo\.m2\repository\org\apache\tomcat\embed\tomcat-embed-core\9.0.83\tomcat-embed-core-9.0.83.jar;C:\Users\larevalo\.m2\repository\org\apache\tomcat\embed\tomcat-embed-el\9.0.83\tomcat-embed-el-9.0.83.jar;C:\Users\larevalo\.m2\repository\org\apache\tomcat\embed\tomcat-embed-websocket\9.0.83\tomcat-embed-websocket-9.0.83.jar;C:\Users\larevalo\.m2\repository\org\springframework\spring-web\5.3.31\spring-web-5.3.31.jar;C:\Users\larevalo\.m2\repository\org\springframework\spring-beans\5.3.31\spring-beans-5.3.31.jar;C:\Users\larevalo\.m2\repository\org\springframework\spring-webmvc\5.3.31\spring-webmvc-5.3.31.jar;C:\Users\larevalo\.m2\repository\org\springframework\spring-aop\5.3.31\spring-aop-5.3.31.jar;C:\Users\larevalo\.m2\repository\org\springframework\spring-context\5.3.31\spring-context-5.3.31.jar;C:\Users\larevalo\.m2\repository\org\springframework\spring-expression\5.3.31\spring-expression-5.3.31.jar;C:\Users\larevalo\.m2\repository\org\springframework\boot\spring-boot-starter-test\2.7.18\spring-boot-starter-test-2.7.18.jar;C:\Users\larevalo\.m2\repository\org\springframework\boot\spring-boot-test\2.7.18\spring-boot-test-2.7.18.jar;C:\Users\larevalo\.m2\repository\org\springframework\boot\spring-boot-test-autoconfigure\2.7.18\spring-boot-test-autoconfigure-2.7.18.jar;C:\Users\larevalo\.m2\repository\com\jayway\jsonpath\json-path\2.7.0\json-path-2.7.0.jar;C:\Users\larevalo\.m2\repository\net\minidev\json-smart\2.4.11\json-smart-2.4.11.jar;C:\Users\larevalo\.m2\repository\net\minidev\accessors-smart\2.4.11\accessors-smart-2.4.11.jar;C:\Users\larevalo\.m2\repository\jakarta\xml\bind\jakarta.xml.bind-api\2.3.3\jakarta.xml.bind-api-2.3.3.jar;C:\Users\larevalo\.m2\repository\jakarta\activation\jakarta.activation-api\1.2.2\jakarta.activation-api-1.2.2.jar;C:\Users\larevalo\.m2\repository\org\assertj\assertj-core\3.22.0\assertj-core-3.22.0.jar;C:\Users\larevalo\.m2\repository\org\hamcrest\hamcrest\2.2\hamcrest-2.2.jar;C:\Users\larevalo\.m2\repository\org\junit\jupiter\junit-jupiter\5.8.2\junit-jupiter-5.8.2.jar;C:\Users\larevalo\.m2\repository\org\junit\jupiter\junit-jupiter-api\5.8.2\junit-jupiter-api-5.8.2.jar;C:\Users\larevalo\.m2\repository\org\opentest4j\opentest4j\1.2.0\opentest4j-1.2.0.jar;C:\Users\larevalo\.m2\repository\org\junit\platform\junit-platform-commons\1.8.2\junit-platform-commons-1.8.2.jar;C:\Users\larevalo\.m2\repository\org\apiguardian\apiguardian-api\1.1.2\apiguardian-api-1.1.2.jar;C:\Users\larevalo\.m2\repository\org\junit\jupiter\junit-jupiter-params\5.8.2\junit-jupiter-params-5.8.2.jar;C:\Users\larevalo\.m2\repository\org\junit\jupiter\junit-jupiter-engine\5.8.2\junit-jupiter-engine-5.8.2.jar;C:\Users\larevalo\.m2\repository\org\junit\platform\junit-platform-engine\1.8.2\junit-platform-engine-1.8.2.jar;C:\Users\larevalo\.m2\repository\org\mockito\mockito-core\4.5.1\mockito-core-4.5.1.jar;C:\Users\larevalo\.m2\repository\net\bytebuddy\byte-buddy\1.12.23\byte-buddy-1.12.23.jar;C:\Users\larevalo\.m2\repository\net\bytebuddy\byte-buddy-agent\1.12.23\byte-buddy-agent-1.12.23.jar;C:\Users\larevalo\.m2\repository\org\mockito\mockito-junit-jupiter\4.5.1\mockito-junit-jupiter-4.5.1.jar;C:\Users\larevalo\.m2\repository\org\skyscreamer\jsonassert\1.5.1\jsonassert-1.5.1.jar;C:\Users\larevalo\.m2\repository\com\vaadin\external\google\android-json\0.0.20131108.vaadin1\android-json-0.0.20131108.vaadin1.jar;C:\Users\larevalo\.m2\repository\org\springframework\spring-core\5.3.31\spring-core-5.3.31.jar;C:\Users\larevalo\.m2\repository\org\springframework\spring-jcl\5.3.31\spring-jcl-5.3.31.jar;C:\Users\larevalo\.m2\repository\org\springframework\spring-test\5.3.31\spring-test-5.3.31.jar;C:\Users\larevalo\.m2\repository\org\xmlunit\xmlunit-core\2.9.1\xmlunit-core-2.9.1.jar;C:\Users\larevalo\.m2\repository\org\bouncycastle\bcmail-jdk16\1.46\bcmail-jdk16-1.46.jar;C:\Users\larevalo\.m2\repository\org\bouncycastle\bcprov-jdk16\1.46\bcprov-jdk16-1.46.jar;C:\Users\larevalo\.m2\repository\log4j\log4j\1.2.17\log4j-1.2.17.jar;C:\Users\larevalo\.m2\repository\javax\xml\soap\javax.xml.soap-api\1.4.0\javax.xml.soap-api-1.4.0.jar;C:\Users\larevalo\.m2\repository\org\apache\axis\axis\1.4\axis-1.4.jar;C:\Users\larevalo\.m2\repository\javax\xml\rpc\javax.xml.rpc-api\1.1.2\javax.xml.rpc-api-1.1.2.jar;C:\Users\larevalo\.m2\repository\commons-discovery\commons-discovery\0.4\commons-discovery-0.4.jar;C:\Users\larevalo\.m2\repository\commons-logging\commons-logging\1.0.4\commons-logging-1.0.4.jar;C:\Users\larevalo\.m2\repository\wsdl4j\wsdl4j\1.6.3\wsdl4j-1.6.3.jar;C:\Users\larevalo\.m2\repository\org\apache\cxf\cxf-codegen-plugin\3.5.4\cxf-codegen-plugin-3.5.4.jar;C:\Users\larevalo\.m2\repository\org\codehaus\plexus\plexus-utils\3.3.1\plexus-utils-3.3.1.jar;C:\Users\larevalo\.m2\repository\org\codehaus\plexus\plexus-archiver\4.2.0\plexus-archiver-4.2.0.jar;C:\Users\larevalo\.m2\repository\org\codehaus\plexus\plexus-io\3.2.0\plexus-io-3.2.0.jar;C:\Users\larevalo\.m2\repository\commons-io\commons-io\2.6\commons-io-2.6.jar;C:\Users\larevalo\.m2\repository\org\apache\commons\commons-compress\1.19\commons-compress-1.19.jar;C:\Users\larevalo\.m2\repository\org\iq80\snappy\snappy\0.4\snappy-0.4.jar;C:\Users\larevalo\.m2\repository\org\tukaani\xz\1.8\xz-1.8.jar;C:\Users\larevalo\.m2\repository\org\apache\cxf\cxf-core\3.5.4\cxf-core-3.5.4.jar;C:\Users\larevalo\.m2\repository\org\glassfish\jaxb\jaxb-runtime\2.3.9\jaxb-runtime-2.3.9.jar;C:\Users\larevalo\.m2\repository\org\glassfish\jaxb\txw2\2.3.9\txw2-2.3.9.jar;C:\Users\larevalo\.m2\repository\com\sun\istack\istack-commons-runtime\3.0.12\istack-commons-runtime-3.0.12.jar;C:\Users\larevalo\.m2\repository\com\sun\activation\jakarta.activation\1.2.2\jakarta.activation-1.2.2.jar;C:\Users\larevalo\.m2\repository\com\fasterxml\woodstox\woodstox-core\6.2.8\woodstox-core-6.2.8.jar;C:\Users\larevalo\.m2\repository\org\codehaus\woodstox\stax2-api\4.2.1\stax2-api-4.2.1.jar;C:\Users\larevalo\.m2\repository\org\apache\ws\xmlschema\xmlschema-core\2.3.0\xmlschema-core-2.3.0.jar;C:\Users\larevalo\.m2\repository\org\apache\cxf\cxf-tools-common\3.5.4\cxf-tools-common-3.5.4.jar;C:\Users\larevalo\.m2\repository\org\apache\velocity\velocity-engine-core\2.3\velocity-engine-core-2.3.jar;C:\Users\larevalo\.m2\repository\org\apache\commons\commons-lang3\3.12.0\commons-lang3-3.12.0.jar;C:\Users\larevalo\.m2\repository\org\glassfish\jaxb\jaxb-xjc\2.3.9\jaxb-xjc-2.3.9.jar;C:\Users\larevalo\.m2\repository\org\glassfish\jaxb\xsom\2.3.9\xsom-2.3.9.jar;C:\Users\larevalo\.m2\repository\com\sun\xml\bind\external\relaxng-datatype\2.3.9\relaxng-datatype-2.3.9.jar;C:\Users\larevalo\.m2\repository\org\glassfish\jaxb\codemodel\2.3.9\codemodel-2.3.9.jar;C:\Users\larevalo\.m2\repository\com\sun\xml\bind\external\rngom\2.3.9\rngom-2.3.9.jar;C:\Users\larevalo\.m2\repository\com\sun\xml\dtd-parser\dtd-parser\1.4.5\dtd-parser-1.4.5.jar;C:\Users\larevalo\.m2\repository\com\sun\istack\istack-commons-tools\3.0.12\istack-commons-tools-3.0.12.jar;C:\Users\larevalo\.m2\repository\org\apache\cxf\cxf-tools-wsdlto-core\3.5.4\cxf-tools-wsdlto-core-3.5.4.jar;C:\Users\larevalo\.m2\repository\org\apache\cxf\cxf-tools-validator\3.5.4\cxf-tools-validator-3.5.4.jar;C:\Users\larevalo\.m2\repository\org\apache\cxf\cxf-rt-wsdl\3.5.4\cxf-rt-wsdl-3.5.4.jar;C:\Users\larevalo\.m2\repository\org\apache\cxf\cxf-tools-wsdlto-databinding-jaxb\3.5.4\cxf-tools-wsdlto-databinding-jaxb-3.5.4.jar;C:\Users\larevalo\.m2\repository\org\apache\cxf\cxf-tools-wsdlto-frontend-jaxws\3.5.4\cxf-tools-wsdlto-frontend-jaxws-3.5.4.jar;C:\Users\larevalo\.m2\repository\org\apache\commons\commons-text\1.9\commons-text-1.9.jar;C:\Users\larevalo\.m2\repository\org\apache\cxf\cxf-tools-wsdlto-frontend-javascript\3.5.4\cxf-tools-wsdlto-frontend-javascript-3.5.4.jar;C:\Users\larevalo\.m2\repository\org\apache\cxf\cxf-rt-javascript\3.5.4\cxf-rt-javascript-3.5.4.jar;C:\Users\larevalo\.m2\repository\org\apache\cxf\cxf-rt-frontend-jaxws\3.5.4\cxf-rt-frontend-jaxws-3.5.4.jar;C:\Users\larevalo\.m2\repository\xml-resolver\xml-resolver\1.2\xml-resolver-1.2.jar;C:\Users\larevalo\.m2\repository\org\ow2\asm\asm\9.3\asm-9.3.jar;C:\Users\larevalo\.m2\repository\org\apache\cxf\cxf-rt-bindings-soap\3.5.4\cxf-rt-bindings-soap-3.5.4.jar;C:\Users\larevalo\.m2\repository\org\apache\cxf\cxf-rt-databinding-jaxb\3.5.4\cxf-rt-databinding-jaxb-3.5.4.jar;C:\Users\larevalo\.m2\repository\org\apache\cxf\cxf-rt-bindings-xml\3.5.4\cxf-rt-bindings-xml-3.5.4.jar;C:\Users\larevalo\.m2\repository\org\apache\cxf\cxf-rt-frontend-simple\3.5.4\cxf-rt-frontend-simple-3.5.4.jar;C:\Users\larevalo\.m2\repository\org\apache\cxf\cxf-rt-ws-addr\3.5.4\cxf-rt-ws-addr-3.5.4.jar;C:\Users\larevalo\.m2\repository\org\apache\cxf\cxf-rt-ws-policy\3.5.4\cxf-rt-ws-policy-3.5.4.jar;C:\Users\larevalo\.m2\repository\org\apache\neethi\neethi\3.2.0\neethi-3.2.0.jar;C:\Users\larevalo\.m2\repository\org\apache\cxf\cxf-rt-transports-http\3.5.4\cxf-rt-transports-http-3.5.4.jar;C:\Users\larevalo\.m2\repository\org\apache\cxf\cxf-rt-transports-http-jetty\3.5.4\cxf-rt-transports-http-jetty-3.5.4.jar;C:\Users\larevalo\.m2\repository\org\eclipse\jetty\jetty-server\9.4.53.v20231009\jetty-server-9.4.53.v20231009.jar;C:\Users\larevalo\.m2\repository\javax\servlet\javax.servlet-api\4.0.1\javax.servlet-api-4.0.1.jar;C:\Users\larevalo\.m2\repository\org\eclipse\jetty\jetty-util\9.4.53.v20231009\jetty-util-9.4.53.v20231009.jar;C:\Users\larevalo\.m2\repository\org\eclipse\jetty\jetty-io\9.4.53.v20231009\jetty-io-9.4.53.v20231009.jar;C:\Users\larevalo\.m2\repository\org\eclipse\jetty\jetty-security\9.4.53.v20231009\jetty-security-9.4.53.v20231009.jar;C:\Users\larevalo\.m2\repository\org\eclipse\jetty\jetty-continuation\9.4.53.v20231009\jetty-continuation-9.4.53.v20231009.jar;C:\Users\larevalo\.m2\repository\org\eclipse\jetty\jetty-http\9.4.53.v20231009\jetty-http-9.4.53.v20231009.jar;C:\Users\larevalo\.m2\repository\org\slf4j\slf4j-api\1.7.36\slf4j-api-1.7.36.jar;C:\Users\larevalo\.m2\repository\javax\xml\ws\jaxws-api\2.3.1\jaxws-api-2.3.1.jar;C:\Users\larevalo\.m2\repository\javax\xml\bind\jaxb-api\2.3.1\jaxb-api-2.3.1.jar;C:\Users\larevalo\.m2\repository\javax\activation\javax.activation-api\1.2.0\javax.activation-api-1.2.0.jar;C:\Users\larevalo\.m2\repository\javax\annotation\javax.annotation-api\1.3.2\javax.annotation-api-1.3.2.jar;C:\Users\larevalo\.m2\repository\org\awaitility\awaitility\3.1.2\awaitility-3.1.2.jar;C:\Users\larevalo\.m2\repository\org\hamcrest\hamcrest-library\2.2\hamcrest-library-2.2.jar;C:\Users\larevalo\.m2\repository\org\hamcrest\hamcrest-core\2.2\hamcrest-core-2.2.jar;C:\Users\larevalo\.m2\repository\org\objenesis\objenesis\2.6\objenesis-2.6.jar;C:\Users\larevalo\.m2\repository\commons-codec\commons-codec\1.15\commons-codec-1.15.jar;"/>
    <property name="sun.cpu.endian" value="little"/>
    <property name="user.home" value="C:\Users\larevalo"/>
    <property name="user.language" value="es"/>
    <property name="java.specification.vendor" value="Oracle Corporation"/>
    <property name="java.home" value="C:\software\openjdk-1.8.0.382\jre"/>
    <property name="basedir" value="C:\proy\csm"/>
    <property name="file.separator" value="\"/>
    <property name="line.separator" value="&#10;"/>
    <property name="java.vm.specification.vendor" value="Oracle Corporation"/>
    <property name="java.specification.name" value="Java Platform API Specification"/>
    <property name="java.awt.graphicsenv" value="sun.awt.Win32GraphicsEnvironment"/>
    <property name="surefire.real.class.path" value="C:\Users\larevalo\AppData\Local\Temp\surefire112720345223507464\surefirebooter6423306169056391254.jar"/>
    <property name="sun.boot.class.path" value="C:\software\openjdk-1.8.0.382\jre\lib\resources.jar;C:\software\openjdk-1.8.0.382\jre\lib\rt.jar;C:\software\openjdk-1.8.0.382\jre\lib\sunrsasign.jar;C:\software\openjdk-1.8.0.382\jre\lib\jsse.jar;C:\software\openjdk-1.8.0.382\jre\lib\jce.jar;C:\software\openjdk-1.8.0.382\jre\lib\charsets.jar;C:\software\openjdk-1.8.0.382\jre\lib\jfr.jar;C:\software\openjdk-1.8.0.382\jre\classes"/>
    <property name="user.script" value=""/>
    <property name="sun.management.compiler" value="HotSpot 64-Bit Tiered Compilers"/>
    <property name="java.runtime.version" value="1.8.0_382-b05"/>
    <property name="user.name" value="larevalo"/>
    <property name="path.separator" value=";"/>
    <property name="os.version" value="10.0"/>
    <property name="java.endorsed.dirs" value="C:\software\openjdk-1.8.0.382\jre\lib\endorsed"/>
    <property name="java.runtime.name" value="OpenJDK Runtime Environment"/>
    <property name="file.encoding" value="Cp1252"/>
    <property name="java.vm.name" value="OpenJDK 64-Bit Server VM"/>
    <property name="localRepository" value="C:\Users\larevalo\.m2\repository"/>
    <property name="java.vendor.url.bug" value="https://bugzilla.redhat.com/enter_bug.cgi"/>
    <property name="java.io.tmpdir" value="C:\Users\larevalo\AppData\Local\Temp\"/>
    <property name="idea.version" value="2023.2.5"/>
    <property name="java.version" value="1.8.0_382"/>
    <property name="user.dir" value="C:\proy\csm"/>
    <property name="os.arch" value="amd64"/>
    <property name="java.vm.specification.name" value="Java Virtual Machine Specification"/>
    <property name="java.awt.printerjob" value="sun.awt.windows.WPrinterJob"/>
    <property name="sun.os.patch.level" value=""/>
    <property name="java.library.path" value="C:\software\openjdk-1.8.0.382\jre\bin;C:\Windows\Sun\Java\bin;C:\Windows\system32;C:\Windows;C:\Windows\system32;C:\Windows;C:\Windows\System32\Wbem;C:\Windows\System32\WindowsPowerShell\v1.0\;C:\Windows\System32\OpenSSH\;C:\Program Files\PuTTY\;C:\Program Files\Git\cmd;C:\Program Files\nodejs\;C:\Users\larevalo\AppData\Local\Microsoft\WindowsApps;C:\Users\larevalo\AppData\Local\Programs\Microsoft VS Code\bin;C:\Tools\apache-maven-2.2.0\bin;C:\Users\larevalo\AppData\Local\Programs\Fiddler;C:\Program Files\Java\jdk1.7.0_80\bin;C:\Users\larevalo\AppData\Roaming\npm;."/>
    <property name="java.vm.info" value="mixed mode"/>
    <property name="java.vendor" value="Red Hat, Inc."/>
    <property name="java.vm.version" value="25.382-b05"/>
    <property name="java.specification.maintenance.version" value="5"/>
    <property name="java.ext.dirs" value="C:\software\openjdk-1.8.0.382\jre\lib\ext;C:\Windows\Sun\Java\lib\ext"/>
    <property name="sun.io.unicode.encoding" value="UnicodeLittle"/>
    <property name="java.class.version" value="52.0"/>
  </properties>
  <testcase name="contextLoads" classname="scm.csm.CsmApplicationTests" time="0.335"/>
</testsuite>